#-----------------------------------------------------------
# Vivado v2020.1 (64-bit)
# SW Build 2902540 on Wed May 27 19:54:49 MDT 2020
# IP Build 2902112 on Wed May 27 22:43:36 MDT 2020
# Start of session at: Wed May 26 20:42:18 2021
# Process ID: 9420
# Current directory: C:/Users/rober/Desktop/Crono_xadc
# Command line: vivado.exe -gui_launcher_event rodinguilauncherevent15996 C:\Users\rober\Desktop\Crono_xadc\Crono_xadc.xpr
# Log file: C:/Users/rober/Desktop/Crono_xadc/vivado.log
# Journal file: C:/Users/rober/Desktop/Crono_xadc\vivado.jou
#-----------------------------------------------------------
start_gui
open_project C:/Users/rober/Desktop/Crono_xadc/Crono_xadc.xpr
Scanning sources...
Finished scanning sources
INFO: [IP_Flow 19-234] Refreshing IP repositories
INFO: [IP_Flow 19-1704] No user IP repositories specified
INFO: [IP_Flow 19-2313] Loaded Vivado IP repository 'D:/Xilinx/Vivado/2020.1/data/ip'.
open_project: Time (s): cpu = 00:00:18 ; elapsed = 00:00:07 . Memory (MB): peak = 1036.738 ; gain = 0.000
update_compile_order -fileset sources_1
exit
INFO: [Common 17-206] Exiting Vivado at Wed May 26 21:24:27 2021...
