
*** Running vivado
    with args -log cronometro.vds -m64 -product Vivado -mode batch -messageDb vivado.pb -notrace -source cronometro.tcl



****** Vivado v2020.1 (64-bit)
  **** SW Build 2902540 on Wed May 27 19:54:49 MDT 2020
  **** IP Build 2902112 on Wed May 27 22:43:36 MDT 2020
    ** Copyright 1986-2020 Xilinx, Inc. All Rights Reserved.

source cronometro.tcl -notrace
Command: synth_design -top cronometro -part xc7a100tcsg324-1
Starting synth_design
Attempting to get a license for feature 'Synthesis' and/or device 'xc7a100t'
INFO: [Common 17-349] Got license for feature 'Synthesis' and/or device 'xc7a100t'
INFO: [Device 21-403] Loading part xc7a100tcsg324-1
INFO: [Synth 8-7079] Multithreading enabled for synth_design using a maximum of 2 processes.
INFO: [Synth 8-7078] Launching helper process for spawning children vivado processes
INFO: [Synth 8-7075] Helper process launched with PID 13428
---------------------------------------------------------------------------------
Starting RTL Elaboration : Time (s): cpu = 00:00:04 ; elapsed = 00:00:05 . Memory (MB): peak = 1036.156 ; gain = 0.000
---------------------------------------------------------------------------------
INFO: [Synth 8-638] synthesizing module 'cronometro' [C:/Users/Augusto/Desktop/Cronometro/Cronometro.srcs/sources_1/imports/Desktop/crono_basico.vhd:14]
	Parameter module bound to: 1000000 - type: integer 
	Parameter width bound to: 20 - type: integer 
INFO: [Synth 8-3491] module 'contador' declared at 'C:/Users/Augusto/Desktop/Cronometro/Cronometro.srcs/sources_1/imports/Desktop/contador.vhd:11' bound to instance 'divisorfrec_unit' of component 'contador' [C:/Users/Augusto/Desktop/Cronometro/Cronometro.srcs/sources_1/imports/Desktop/crono_basico.vhd:42]
INFO: [Synth 8-638] synthesizing module 'contador' [C:/Users/Augusto/Desktop/Cronometro/Cronometro.srcs/sources_1/imports/Desktop/contador.vhd:21]
	Parameter module bound to: 1000000 - type: integer 
	Parameter width bound to: 20 - type: integer 
INFO: [Synth 8-256] done synthesizing module 'contador' (1#1) [C:/Users/Augusto/Desktop/Cronometro/Cronometro.srcs/sources_1/imports/Desktop/contador.vhd:21]
	Parameter module bound to: 10 - type: integer 
	Parameter width bound to: 4 - type: integer 
INFO: [Synth 8-3491] module 'contador' declared at 'C:/Users/Augusto/Desktop/Cronometro/Cronometro.srcs/sources_1/imports/Desktop/contador.vhd:11' bound to instance 'centesimas_unit' of component 'contador' [C:/Users/Augusto/Desktop/Cronometro/Cronometro.srcs/sources_1/imports/Desktop/crono_basico.vhd:56]
INFO: [Synth 8-638] synthesizing module 'contador__parameterized1' [C:/Users/Augusto/Desktop/Cronometro/Cronometro.srcs/sources_1/imports/Desktop/contador.vhd:21]
	Parameter module bound to: 10 - type: integer 
	Parameter width bound to: 4 - type: integer 
INFO: [Synth 8-256] done synthesizing module 'contador__parameterized1' (1#1) [C:/Users/Augusto/Desktop/Cronometro/Cronometro.srcs/sources_1/imports/Desktop/contador.vhd:21]
	Parameter module bound to: 10 - type: integer 
	Parameter width bound to: 4 - type: integer 
INFO: [Synth 8-3491] module 'contador' declared at 'C:/Users/Augusto/Desktop/Cronometro/Cronometro.srcs/sources_1/imports/Desktop/contador.vhd:11' bound to instance 'decimas_unit' of component 'contador' [C:/Users/Augusto/Desktop/Cronometro/Cronometro.srcs/sources_1/imports/Desktop/crono_basico.vhd:69]
	Parameter module bound to: 10 - type: integer 
	Parameter width bound to: 4 - type: integer 
INFO: [Synth 8-3491] module 'contador' declared at 'C:/Users/Augusto/Desktop/Cronometro/Cronometro.srcs/sources_1/imports/Desktop/contador.vhd:11' bound to instance 'segundos_unit' of component 'contador' [C:/Users/Augusto/Desktop/Cronometro/Cronometro.srcs/sources_1/imports/Desktop/crono_basico.vhd:82]
	Parameter module bound to: 6 - type: integer 
	Parameter width bound to: 4 - type: integer 
INFO: [Synth 8-3491] module 'contador' declared at 'C:/Users/Augusto/Desktop/Cronometro/Cronometro.srcs/sources_1/imports/Desktop/contador.vhd:11' bound to instance 'dseg_unit' of component 'contador' [C:/Users/Augusto/Desktop/Cronometro/Cronometro.srcs/sources_1/imports/Desktop/crono_basico.vhd:95]
INFO: [Synth 8-638] synthesizing module 'contador__parameterized3' [C:/Users/Augusto/Desktop/Cronometro/Cronometro.srcs/sources_1/imports/Desktop/contador.vhd:21]
	Parameter module bound to: 6 - type: integer 
	Parameter width bound to: 4 - type: integer 
INFO: [Synth 8-256] done synthesizing module 'contador__parameterized3' (1#1) [C:/Users/Augusto/Desktop/Cronometro/Cronometro.srcs/sources_1/imports/Desktop/contador.vhd:21]
	Parameter module bound to: 10 - type: integer 
	Parameter width bound to: 4 - type: integer 
INFO: [Synth 8-3491] module 'contador' declared at 'C:/Users/Augusto/Desktop/Cronometro/Cronometro.srcs/sources_1/imports/Desktop/contador.vhd:11' bound to instance 'minutos_unit' of component 'contador' [C:/Users/Augusto/Desktop/Cronometro/Cronometro.srcs/sources_1/imports/Desktop/crono_basico.vhd:108]
	Parameter module bound to: 6 - type: integer 
	Parameter width bound to: 4 - type: integer 
INFO: [Synth 8-3491] module 'contador' declared at 'C:/Users/Augusto/Desktop/Cronometro/Cronometro.srcs/sources_1/imports/Desktop/contador.vhd:11' bound to instance 'dminutos_unit' of component 'contador' [C:/Users/Augusto/Desktop/Cronometro/Cronometro.srcs/sources_1/imports/Desktop/crono_basico.vhd:121]
	Parameter module bound to: 4 - type: integer 
	Parameter width bound to: 4 - type: integer 
INFO: [Synth 8-3491] module 'contador' declared at 'C:/Users/Augusto/Desktop/Cronometro/Cronometro.srcs/sources_1/imports/Desktop/contador.vhd:11' bound to instance 'horas_unit' of component 'contador' [C:/Users/Augusto/Desktop/Cronometro/Cronometro.srcs/sources_1/imports/Desktop/crono_basico.vhd:135]
INFO: [Synth 8-638] synthesizing module 'contador__parameterized5' [C:/Users/Augusto/Desktop/Cronometro/Cronometro.srcs/sources_1/imports/Desktop/contador.vhd:21]
	Parameter module bound to: 4 - type: integer 
	Parameter width bound to: 4 - type: integer 
INFO: [Synth 8-256] done synthesizing module 'contador__parameterized5' (1#1) [C:/Users/Augusto/Desktop/Cronometro/Cronometro.srcs/sources_1/imports/Desktop/contador.vhd:21]
	Parameter module bound to: 3 - type: integer 
	Parameter width bound to: 4 - type: integer 
INFO: [Synth 8-3491] module 'contador' declared at 'C:/Users/Augusto/Desktop/Cronometro/Cronometro.srcs/sources_1/imports/Desktop/contador.vhd:11' bound to instance 'dhoras_unit' of component 'contador' [C:/Users/Augusto/Desktop/Cronometro/Cronometro.srcs/sources_1/imports/Desktop/crono_basico.vhd:148]
INFO: [Synth 8-638] synthesizing module 'contador__parameterized7' [C:/Users/Augusto/Desktop/Cronometro/Cronometro.srcs/sources_1/imports/Desktop/contador.vhd:21]
	Parameter module bound to: 3 - type: integer 
	Parameter width bound to: 4 - type: integer 
INFO: [Synth 8-256] done synthesizing module 'contador__parameterized7' (1#1) [C:/Users/Augusto/Desktop/Cronometro/Cronometro.srcs/sources_1/imports/Desktop/contador.vhd:21]
	Parameter module bound to: 9 - type: integer 
	Parameter width bound to: 4 - type: integer 
INFO: [Synth 8-3491] module 'contador' declared at 'C:/Users/Augusto/Desktop/Cronometro/Cronometro.srcs/sources_1/imports/Desktop/contador.vhd:11' bound to instance 'display_count' of component 'contador' [C:/Users/Augusto/Desktop/Cronometro/Cronometro.srcs/sources_1/imports/Desktop/crono_basico.vhd:167]
INFO: [Synth 8-638] synthesizing module 'contador__parameterized9' [C:/Users/Augusto/Desktop/Cronometro/Cronometro.srcs/sources_1/imports/Desktop/contador.vhd:21]
	Parameter module bound to: 9 - type: integer 
	Parameter width bound to: 4 - type: integer 
INFO: [Synth 8-256] done synthesizing module 'contador__parameterized9' (1#1) [C:/Users/Augusto/Desktop/Cronometro/Cronometro.srcs/sources_1/imports/Desktop/contador.vhd:21]
INFO: [Synth 8-256] done synthesizing module 'cronometro' (2#1) [C:/Users/Augusto/Desktop/Cronometro/Cronometro.srcs/sources_1/imports/Desktop/crono_basico.vhd:14]
---------------------------------------------------------------------------------
Finished RTL Elaboration : Time (s): cpu = 00:00:05 ; elapsed = 00:00:06 . Memory (MB): peak = 1054.465 ; gain = 18.309
---------------------------------------------------------------------------------
---------------------------------------------------------------------------------
Start Handling Custom Attributes
---------------------------------------------------------------------------------
---------------------------------------------------------------------------------
Finished Handling Custom Attributes : Time (s): cpu = 00:00:06 ; elapsed = 00:00:06 . Memory (MB): peak = 1054.465 ; gain = 18.309
---------------------------------------------------------------------------------
---------------------------------------------------------------------------------
Finished RTL Optimization Phase 1 : Time (s): cpu = 00:00:06 ; elapsed = 00:00:06 . Memory (MB): peak = 1054.465 ; gain = 18.309
---------------------------------------------------------------------------------
Netlist sorting complete. Time (s): cpu = 00:00:00 ; elapsed = 00:00:00.002 . Memory (MB): peak = 1054.465 ; gain = 0.000
INFO: [Project 1-570] Preparing netlist for logic optimization

Processing XDC Constraints
Initializing timing engine
Parsing XDC File [C:/Users/Augusto/Desktop/Cronometro/Cronometro.srcs/constrs_1/imports/Desktop/Nexys-A7-100T-Master.xdc]
Finished Parsing XDC File [C:/Users/Augusto/Desktop/Cronometro/Cronometro.srcs/constrs_1/imports/Desktop/Nexys-A7-100T-Master.xdc]
INFO: [Project 1-236] Implementation specific constraints were found while reading constraint file [C:/Users/Augusto/Desktop/Cronometro/Cronometro.srcs/constrs_1/imports/Desktop/Nexys-A7-100T-Master.xdc]. These constraints will be ignored for synthesis but will be used in implementation. Impacted constraints are listed in the file [.Xil/cronometro_propImpl.xdc].
Resolution: To avoid this warning, move constraints listed in [.Xil/cronometro_propImpl.xdc] to another XDC file and exclude this new file from synthesis with the used_in_synthesis property (File Properties dialog in GUI) and re-run elaboration/synthesis.
Completed Processing XDC Constraints

Netlist sorting complete. Time (s): cpu = 00:00:00 ; elapsed = 00:00:00 . Memory (MB): peak = 1167.746 ; gain = 0.000
INFO: [Project 1-111] Unisim Transformation Summary:
No Unisim elements were transformed.

Constraint Validation Runtime : Time (s): cpu = 00:00:00 ; elapsed = 00:00:00.004 . Memory (MB): peak = 1167.746 ; gain = 0.000
---------------------------------------------------------------------------------
Finished Constraint Validation : Time (s): cpu = 00:00:12 ; elapsed = 00:00:13 . Memory (MB): peak = 1167.746 ; gain = 131.590
---------------------------------------------------------------------------------
---------------------------------------------------------------------------------
Start Loading Part and Timing Information
---------------------------------------------------------------------------------
Loading part: xc7a100tcsg324-1
---------------------------------------------------------------------------------
Finished Loading Part and Timing Information : Time (s): cpu = 00:00:12 ; elapsed = 00:00:13 . Memory (MB): peak = 1167.746 ; gain = 131.590
---------------------------------------------------------------------------------
---------------------------------------------------------------------------------
Start Applying 'set_property' XDC Constraints
---------------------------------------------------------------------------------
---------------------------------------------------------------------------------
Finished applying 'set_property' XDC Constraints : Time (s): cpu = 00:00:12 ; elapsed = 00:00:13 . Memory (MB): peak = 1167.746 ; gain = 131.590
---------------------------------------------------------------------------------
---------------------------------------------------------------------------------
Finished RTL Optimization Phase 2 : Time (s): cpu = 00:00:13 ; elapsed = 00:00:14 . Memory (MB): peak = 1167.746 ; gain = 131.590
---------------------------------------------------------------------------------
---------------------------------------------------------------------------------
Start RTL Component Statistics 
---------------------------------------------------------------------------------
Detailed RTL Component Info : 
+---Adders : 
	   2 Input    4 Bit       Adders := 9     
+---Registers : 
	                4 Bit    Registers := 9     
+---Muxes : 
	   9 Input    8 Bit        Muxes := 1     
	   2 Input    4 Bit        Muxes := 9     
	   9 Input    1 Bit        Muxes := 1     
---------------------------------------------------------------------------------
Finished RTL Component Statistics 
---------------------------------------------------------------------------------
---------------------------------------------------------------------------------
Start Part Resource Summary
---------------------------------------------------------------------------------
Part Resources:
DSPs: 240 (col length:80)
BRAMs: 270 (col length: RAMB18 80 RAMB36 40)
---------------------------------------------------------------------------------
Finished Part Resource Summary
---------------------------------------------------------------------------------
---------------------------------------------------------------------------------
Start Cross Boundary and Area Optimization
---------------------------------------------------------------------------------
---------------------------------------------------------------------------------
Finished Cross Boundary and Area Optimization : Time (s): cpu = 00:00:15 ; elapsed = 00:00:16 . Memory (MB): peak = 1167.746 ; gain = 131.590
---------------------------------------------------------------------------------
---------------------------------------------------------------------------------
Start Applying XDC Timing Constraints
---------------------------------------------------------------------------------
---------------------------------------------------------------------------------
Finished Applying XDC Timing Constraints : Time (s): cpu = 00:00:22 ; elapsed = 00:00:23 . Memory (MB): peak = 1167.746 ; gain = 131.590
---------------------------------------------------------------------------------
---------------------------------------------------------------------------------
Start Timing Optimization
---------------------------------------------------------------------------------
---------------------------------------------------------------------------------
Finished Timing Optimization : Time (s): cpu = 00:00:23 ; elapsed = 00:00:24 . Memory (MB): peak = 1182.062 ; gain = 145.906
---------------------------------------------------------------------------------
---------------------------------------------------------------------------------
Start Technology Mapping
---------------------------------------------------------------------------------
---------------------------------------------------------------------------------
Finished Technology Mapping : Time (s): cpu = 00:00:23 ; elapsed = 00:00:24 . Memory (MB): peak = 1182.734 ; gain = 146.578
---------------------------------------------------------------------------------
---------------------------------------------------------------------------------
Start IO Insertion
---------------------------------------------------------------------------------
---------------------------------------------------------------------------------
Start Flattening Before IO Insertion
---------------------------------------------------------------------------------
---------------------------------------------------------------------------------
Finished Flattening Before IO Insertion
---------------------------------------------------------------------------------
---------------------------------------------------------------------------------
Start Final Netlist Cleanup
---------------------------------------------------------------------------------
---------------------------------------------------------------------------------
Finished Final Netlist Cleanup
---------------------------------------------------------------------------------
---------------------------------------------------------------------------------
Finished IO Insertion : Time (s): cpu = 00:00:26 ; elapsed = 00:00:27 . Memory (MB): peak = 1188.562 ; gain = 152.406
---------------------------------------------------------------------------------
---------------------------------------------------------------------------------
Start Renaming Generated Instances
---------------------------------------------------------------------------------
---------------------------------------------------------------------------------
Finished Renaming Generated Instances : Time (s): cpu = 00:00:26 ; elapsed = 00:00:27 . Memory (MB): peak = 1188.562 ; gain = 152.406
---------------------------------------------------------------------------------
---------------------------------------------------------------------------------
Start Rebuilding User Hierarchy
---------------------------------------------------------------------------------
---------------------------------------------------------------------------------
Finished Rebuilding User Hierarchy : Time (s): cpu = 00:00:26 ; elapsed = 00:00:27 . Memory (MB): peak = 1188.562 ; gain = 152.406
---------------------------------------------------------------------------------
---------------------------------------------------------------------------------
Start Renaming Generated Ports
---------------------------------------------------------------------------------
---------------------------------------------------------------------------------
Finished Renaming Generated Ports : Time (s): cpu = 00:00:26 ; elapsed = 00:00:27 . Memory (MB): peak = 1188.562 ; gain = 152.406
---------------------------------------------------------------------------------
---------------------------------------------------------------------------------
Start Handling Custom Attributes
---------------------------------------------------------------------------------
---------------------------------------------------------------------------------
Finished Handling Custom Attributes : Time (s): cpu = 00:00:26 ; elapsed = 00:00:27 . Memory (MB): peak = 1188.562 ; gain = 152.406
---------------------------------------------------------------------------------
---------------------------------------------------------------------------------
Start Renaming Generated Nets
---------------------------------------------------------------------------------
---------------------------------------------------------------------------------
Finished Renaming Generated Nets : Time (s): cpu = 00:00:26 ; elapsed = 00:00:27 . Memory (MB): peak = 1188.562 ; gain = 152.406
---------------------------------------------------------------------------------
---------------------------------------------------------------------------------
Start Writing Synthesis Report
---------------------------------------------------------------------------------

Report BlackBoxes: 
+-+--------------+----------+
| |BlackBox name |Instances |
+-+--------------+----------+
+-+--------------+----------+

Report Cell Usage: 
+------+-------+------+
|      |Cell   |Count |
+------+-------+------+
|1     |BUFG   |     1|
|2     |CARRY4 |     5|
|3     |LUT1   |     8|
|4     |LUT2   |    24|
|5     |LUT3   |    13|
|6     |LUT4   |    42|
|7     |LUT5   |     7|
|8     |LUT6   |    17|
|9     |FDCE   |    36|
|10    |FDRE   |    20|
|11    |IBUF   |     3|
|12    |OBUF   |    16|
+------+-------+------+
---------------------------------------------------------------------------------
Finished Writing Synthesis Report : Time (s): cpu = 00:00:26 ; elapsed = 00:00:27 . Memory (MB): peak = 1188.562 ; gain = 152.406
---------------------------------------------------------------------------------
Synthesis finished with 0 errors, 0 critical warnings and 0 warnings.
Synthesis Optimization Runtime : Time (s): cpu = 00:00:18 ; elapsed = 00:00:25 . Memory (MB): peak = 1188.562 ; gain = 39.125
Synthesis Optimization Complete : Time (s): cpu = 00:00:26 ; elapsed = 00:00:28 . Memory (MB): peak = 1188.562 ; gain = 152.406
INFO: [Project 1-571] Translating synthesized netlist
Netlist sorting complete. Time (s): cpu = 00:00:00 ; elapsed = 00:00:00.002 . Memory (MB): peak = 1198.828 ; gain = 0.000
INFO: [Netlist 29-17] Analyzing 5 Unisim elements for replacement
INFO: [Netlist 29-28] Unisim Transformation completed in 0 CPU seconds
INFO: [Project 1-570] Preparing netlist for logic optimization
INFO: [Opt 31-138] Pushed 0 inverter(s) to 0 load pin(s).
Netlist sorting complete. Time (s): cpu = 00:00:00 ; elapsed = 00:00:00.001 . Memory (MB): peak = 1199.398 ; gain = 0.000
INFO: [Project 1-111] Unisim Transformation Summary:
No Unisim elements were transformed.

INFO: [Common 17-83] Releasing license: Synthesis
39 Infos, 0 Warnings, 0 Critical Warnings and 0 Errors encountered.
synth_design completed successfully
synth_design: Time (s): cpu = 00:00:32 ; elapsed = 00:00:34 . Memory (MB): peak = 1199.398 ; gain = 163.242
INFO: [Common 17-1381] The checkpoint 'C:/Users/Augusto/Desktop/Cronometro/Cronometro.runs/synth_1/cronometro.dcp' has been generated.
INFO: [runtcl-4] Executing : report_utilization -file cronometro_utilization_synth.rpt -pb cronometro_utilization_synth.pb
INFO: [Common 17-206] Exiting Vivado at Sat Jun 12 20:23:19 2021...
